<?xml version="1.0" encoding="UTF-8"?>
<!-- Generated by org.testng.reporters.JUnitXMLReporter -->
<testsuite hostname="DESKTOP-BQPVJR4" ignored="0" name="Test" tests="3" failures="2" timestamp="2020-07-26T20:58:25 IST" time="24.725" errors="0">
  <testcase name="Mediwarelogin" time="6.218" classname="testPackage.LoginTest"/>
  <testcase name="MediwareAppoinment" time="9.044" classname="testPackage.LoginTest">
    <failure type="java.lang.AssertionError" message="expected [true] but found [false]">
      <![CDATA[java.lang.AssertionError: expected [true] but found [false]
at testPackage.LoginTest.MediwareAppoinment(LoginTest.java:67)
at java.util.ArrayList.forEach(Unknown Source)
... Removed 31 stack frames]]>
    </failure>
  </testcase> <!-- MediwareAppoinment -->
  <testcase name="PatietSearch" time="0.089" classname="testPackage.LoginTest">
    <failure type="java.lang.AssertionError" message="expected [true] but found [false]">
      <![CDATA[java.lang.AssertionError: expected [true] but found [false]
at testPackage.LoginTest.PatietSearch(LoginTest.java:87)
at java.util.ArrayList.forEach(Unknown Source)
... Removed 31 stack frames]]>
    </failure>
  </testcase> <!-- PatietSearch -->
</testsuite> <!-- Test -->
