<?xml version="1.0" encoding="UTF-8"?>
<!-- Generated by org.testng.reporters.JUnitXMLReporter -->
<testsuite hostname="DESKTOP-BQPVJR4" ignored="0" name="Command line test" tests="3" failures="2" timestamp="26 Jul 2020 15:14:46 GMT" time="25.006" errors="0">
  <testcase name="Mediwarelogin" time="6.274" classname="testPackage.LoginTest"/>
  <testcase name="MediwareAppoinment" time="9.06" classname="testPackage.LoginTest">
    <failure type="java.lang.AssertionError" message="expected [true] but found [false]">
      <![CDATA[java.lang.AssertionError: expected [true] but found [false]
at testPackage.LoginTest.MediwareAppoinment(LoginTest.java:67)
... Removed 39 stack frames]]>
    </failure>
  </testcase> <!-- MediwareAppoinment -->
  <testcase name="PatietSearch" time="0.117" classname="testPackage.LoginTest">
    <failure type="java.lang.AssertionError" message="expected [true] but found [false]">
      <![CDATA[java.lang.AssertionError: expected [true] but found [false]
at testPackage.LoginTest.PatietSearch(LoginTest.java:87)
... Removed 39 stack frames]]>
    </failure>
  </testcase> <!-- PatietSearch -->
</testsuite> <!-- Command line test -->
