<?xml version="1.0" encoding="UTF-8"?>
<!-- Generated by org.testng.reporters.JUnitXMLReporter -->
<testsuite hostname="DESKTOP-BQPVJR4" ignored="0" name="Test" tests="3" failures="2" timestamp="27 Jul 2020 04:05:21 GMT" time="34.738" errors="0">
  <testcase name="Mediwarelogin" time="6.267" classname="testPackage.LoginTest"/>
  <testcase name="MediwareAppoinment" time="18.967" classname="testPackage.LoginTest">
    <failure type="java.lang.AssertionError" message="expected [true] but found [false]">
      <![CDATA[java.lang.AssertionError: expected [true] but found [false]
at testPackage.LoginTest.MediwareAppoinment(LoginTest.java:67)
... Removed 33 stack frames]]>
    </failure>
  </testcase> <!-- MediwareAppoinment -->
  <testcase name="PatietSearch" time="0.169" classname="testPackage.LoginTest">
    <failure type="java.lang.AssertionError" message="expected [true] but found [false]">
      <![CDATA[java.lang.AssertionError: expected [true] but found [false]
at testPackage.LoginTest.PatietSearch(LoginTest.java:87)
... Removed 33 stack frames]]>
    </failure>
  </testcase> <!-- PatietSearch -->
</testsuite> <!-- Test -->
