<?xml version="1.0" encoding="UTF-8"?>
<testsuite xmlns:xsi="http://www.w3.org/2001/XMLSchema-instance" xsi:noNamespaceSchemaLocation="https://maven.apache.org/surefire/maven-surefire-plugin/xsd/surefire-test-report.xsd" name="TestSuite" time="44.488" tests="3" errors="0" skipped="0" failures="2">
  <properties>
[...]
</properties>
  <testcase name="Mediwarelogin" classname="testPackage.LoginTest" time="6.267"/>
  <testcase name="MediwareAppoinment" classname="testPackage.LoginTest" time="18.977">
    <failure message="expected [true] but found [false]" type="java.lang.AssertionError">java.lang.AssertionError: expected [true] but found [false]
	at testPackage.LoginTest.MediwareAppoinment(LoginTest.java:67)
</failure>
    <system-out><![CDATA[Success of test cases and its details are : MediwareAppoinment
Failure of test cases and its details are : MediwareAppoinment
]]></system-out>
    <system-err><![CDATA[Test : Failed,  Message :Unable to select the time , Cause : java.lang.IndexOutOfBoundsException: Index: 0, Size: 0
]]></system-err>
  </testcase>
  <testcase name="PatietSearch" classname="testPackage.LoginTest" time="0.169">
    <failure message="expected [true] but found [false]" type="java.lang.AssertionError">java.lang.AssertionError: expected [true] but found [false]
	at testPackage.LoginTest.PatietSearch(LoginTest.java:87)
</failure>
    <system-out><![CDATA[Success of test cases and its details are : PatietSearch
Failure of test cases and its details are : PatietSearch
]]></system-out>
    <system-err><![CDATA[Test : Failed,  Message :Unable to enter patient id  , Cause : org.openqa.selenium.NoSuchElementException: no such element: Unable to locate element: {"method":"xpath","selector":"//input[@id="txtSearchPatientID"]"}
  (Session info: chrome=84.0.4147.89)
For documentation on this error, please visit: https://www.seleniumhq.org/exceptions/no_such_element.html
Build info: version: '3.141.59', revision: 'e82be7d358', time: '2018-11-14T08:17:03'
System info: host: 'DESKTOP-BQPVJR4', ip: '192.168.225.178', os.name: 'Windows 10', os.arch: 'amd64', os.version: '10.0', java.version: '1.8.0_251'
Driver info: org.openqa.selenium.chrome.ChromeDriver
Capabilities {acceptInsecureCerts: false, browserName: chrome, browserVersion: 84.0.4147.89, chrome: {chromedriverVersion: 83.0.4103.39 (ccbf011cb2d2b..., userDataDir: C:\Users\Admin\AppData\Loca...}, goog:chromeOptions: {debuggerAddress: localhost:11510}, javascriptEnabled: true, networkConnectionEnabled: false, pageLoadStrategy: normal, platform: WINDOWS, platformName: WINDOWS, proxy: Proxy(), setWindowRect: true, strictFileInteractability: false, timeouts: {implicit: 0, pageLoad: 300000, script: 30000}, unhandledPromptBehavior: dismiss and notify, webauthn:virtualAuthenticators: true}
Session ID: c8944d095d3ae31c81499124d2f7320e
*** Element info: {Using=xpath, value=//input[@id="txtSearchPatientID"]}
]]></system-err>
  </testcase>
</testsuite>