<?xml version="1.0" encoding="UTF-8" ?>
<testsuite tests="3" failures="2" name="TestSuite" time="15.46" errors="0" skipped="0">
  <properties>
[...]
</properties>
  <testcase classname="testPackage.LoginTest" name="Mediwarelogin" time="6.276"/>
  <testcase classname="testPackage.LoginTest" name="MediwareAppoinment" time="9.067">
    <failure message="expected [true] but found [false]" type="java.lang.AssertionError">java.lang.AssertionError: expected [true] but found [false]
	at org.testng.Assert.fail(Assert.java:96)
	at org.testng.Assert.failNotEquals(Assert.java:776)
	at org.testng.Assert.assertTrue(Assert.java:44)
	at org.testng.Assert.assertTrue(Assert.java:54)
	at testPackage.LoginTest.MediwareAppoinment(LoginTest.java:67)
</failure>
    <system-out>Success of test cases and its details are : MediwareAppoinment
Failure of test cases and its details are : MediwareAppoinment
</system-out>
    <system-err>Test : Failed,  Message :Unable to select the time , Cause : java.lang.IndexOutOfBoundsException: Index: 0, Size: 0
</system-err>
  </testcase>
  <testcase classname="testPackage.LoginTest" name="PatietSearch" time="0.117">
    <failure message="expected [true] but found [false]" type="java.lang.AssertionError">java.lang.AssertionError: expected [true] but found [false]
	at org.testng.Assert.fail(Assert.java:96)
	at org.testng.Assert.failNotEquals(Assert.java:776)
	at org.testng.Assert.assertTrue(Assert.java:44)
	at org.testng.Assert.assertTrue(Assert.java:54)
	at testPackage.LoginTest.PatietSearch(LoginTest.java:87)
</failure>
    <system-out>Success of test cases and its details are : PatietSearch
Failure of test cases and its details are : PatietSearch
</system-out>
    <system-err>Test : Failed,  Message :Unable to enter patient id  , Cause : org.openqa.selenium.NoSuchElementException: no such element: Unable to locate element: {&quot;method&quot;:&quot;xpath&quot;,&quot;selector&quot;:&quot;//input[@id=&quot;txtSearchPatientID&quot;]&quot;}
  (Session info: chrome=84.0.4147.89)
For documentation on this error, please visit: https://www.seleniumhq.org/exceptions/no_such_element.html
Build info: version: &apos;3.141.59&apos;, revision: &apos;e82be7d358&apos;, time: &apos;2018-11-14T08:17:03&apos;
System info: host: &apos;DESKTOP-BQPVJR4&apos;, ip: &apos;192.168.225.178&apos;, os.name: &apos;Windows 10&apos;, os.arch: &apos;amd64&apos;, os.version: &apos;10.0&apos;, java.version: &apos;1.8.0_251&apos;
Driver info: org.openqa.selenium.chrome.ChromeDriver
Capabilities {acceptInsecureCerts: false, browserName: chrome, browserVersion: 84.0.4147.89, chrome: {chromedriverVersion: 83.0.4103.39 (ccbf011cb2d2b..., userDataDir: C:\Users\Admin\AppData\Loca...}, goog:chromeOptions: {debuggerAddress: localhost:6963}, javascriptEnabled: true, networkConnectionEnabled: false, pageLoadStrategy: normal, platform: WINDOWS, platformName: WINDOWS, proxy: Proxy(), setWindowRect: true, strictFileInteractability: false, timeouts: {implicit: 0, pageLoad: 300000, script: 30000}, unhandledPromptBehavior: dismiss and notify, webauthn:virtualAuthenticators: true}
Session ID: 820a2120a0996e14fac4ee57d6303072
*** Element info: {Using=xpath, value=//input[@id=&quot;txtSearchPatientID&quot;]}
</system-err>
  </testcase>
</testsuite>